INFO  - 2023-11-29 01:01:34,561. Method: perimeter. Result: "Прямоугольник 2 х 12" имеет периметр 28
INFO  - 2023-11-29 01:01:34,561. Method: perimeter. Result: "Прямоугольник 3 х 5" имеет периметр 16
INFO  - 2023-11-29 01:01:34,561. Method: area. Result: "Прямоугольник 2 х 12" имеет площадь 24
INFO  - 2023-11-29 01:01:34,561. Method: area. Result: "Прямоугольник 3 х 5" имеет площадь 15
INFO  - 2023-11-29 01:01:34,561. Method: perimeter. Result: "Прямоугольник 2 х 12" имеет периметр 28
INFO  - 2023-11-29 01:01:34,561. Method: perimeter. Result: "Прямоугольник 3 х 5" имеет периметр 16
INFO  - 2023-11-29 01:01:34,561. Method: __add__. Result: Сумма объектов "Прямоугольник 2 х 12" и "Прямоугольник 3 х 5": объект "Прямоугольник 5 х 17"
INFO  - 2023-11-29 01:01:34,561. Method: perimeter. Result: "Прямоугольник 2 х 12" имеет периметр 28
INFO  - 2023-11-29 01:01:34,561. Method: perimeter. Result: "Прямоугольник 3 х 5" имеет периметр 16
INFO  - 2023-11-29 01:01:34,563. Method: perimeter. Result: "Прямоугольник 2 х 12" имеет периметр 28
INFO  - 2023-11-29 01:01:34,563. Method: perimeter. Result: "Прямоугольник 3 х 5" имеет периметр 16
INFO  - 2023-11-29 01:01:34,563. Method: __sub__. Result: Разность объектов "Прямоугольник 2 х 12" и "Прямоугольник 3 х 5": объект "Прямоугольник 1 х 5"
INFO  - 2023-11-29 01:01:34,563. Method: area. Result: "Прямоугольник 2 х 12" имеет площадь 24
INFO  - 2023-11-29 01:01:34,563. Method: area. Result: "Прямоугольник 3 х 5" имеет площадь 15
INFO  - 2023-11-29 01:01:34,563. Method: __eq__. Result: "Прямоугольник 2 х 12" и "Прямоугольник 3 х 5" имеют равные площади: False
INFO  - 2023-11-29 01:01:34,563. Method: area. Result: "Прямоугольник 2 х 12" имеет площадь 24
INFO  - 2023-11-29 01:01:34,563. Method: area. Result: "Прямоугольник 3 х 5" имеет площадь 15
INFO  - 2023-11-29 01:01:34,563. Method: area. Result: "Прямоугольник 2 х 12" имеет площадь 24
INFO  - 2023-11-29 01:01:34,563. Method: area. Result: "Прямоугольник 3 х 5" имеет площадь 15
INFO  - 2023-11-29 01:01:34,563. Method: __lt__. Result: "Прямоугольник 2 х 12" имеет площадь меньшую, чем "Прямоугольник 3 х 5": False
INFO  - 2023-11-29 01:01:34,563. Method: area. Result: "Прямоугольник 2 х 12" имеет площадь 24
INFO  - 2023-11-29 01:01:34,563. Method: area. Result: "Прямоугольник 3 х 5" имеет площадь 15
INFO  - 2023-11-29 01:02:35,332. Method: perimeter. Result: "Прямоугольник 2 х 1" имеет периметр 6
INFO  - 2023-11-29 01:02:35,333. Method: perimeter. Result: "Прямоугольник 3 х 5" имеет периметр 16
INFO  - 2023-11-29 01:02:35,333. Method: area. Result: "Прямоугольник 2 х 1" имеет площадь 2
INFO  - 2023-11-29 01:02:35,333. Method: area. Result: "Прямоугольник 3 х 5" имеет площадь 15
INFO  - 2023-11-29 01:02:35,333. Method: perimeter. Result: "Прямоугольник 2 х 1" имеет периметр 6
INFO  - 2023-11-29 01:02:35,333. Method: perimeter. Result: "Прямоугольник 3 х 5" имеет периметр 16
INFO  - 2023-11-29 01:02:35,333. Method: __add__. Result: Сумма объектов "Прямоугольник 2 х 1" и "Прямоугольник 3 х 5": объект "Прямоугольник 5 х 6"
INFO  - 2023-11-29 01:02:35,333. Method: perimeter. Result: "Прямоугольник 2 х 1" имеет периметр 6
INFO  - 2023-11-29 01:02:35,333. Method: perimeter. Result: "Прямоугольник 3 х 5" имеет периметр 16
ERROR - 2023-11-29 01:02:35,333. Method: __sub__. Result: Прямоугольник 2 х 1 меньше, чем Прямоугольник 3 х 5
INFO  - 2023-11-29 01:02:35,333. Method: area. Result: "Прямоугольник 2 х 1" имеет площадь 2
INFO  - 2023-11-29 01:02:35,333. Method: area. Result: "Прямоугольник 3 х 5" имеет площадь 15
INFO  - 2023-11-29 01:02:35,333. Method: __eq__. Result: "Прямоугольник 2 х 1" и "Прямоугольник 3 х 5" имеют равные площади: False
INFO  - 2023-11-29 01:02:35,333. Method: area. Result: "Прямоугольник 2 х 1" имеет площадь 2
INFO  - 2023-11-29 01:02:35,333. Method: area. Result: "Прямоугольник 3 х 5" имеет площадь 15
INFO  - 2023-11-29 01:02:35,333. Method: area. Result: "Прямоугольник 2 х 1" имеет площадь 2
INFO  - 2023-11-29 01:02:35,333. Method: area. Result: "Прямоугольник 3 х 5" имеет площадь 15
INFO  - 2023-11-29 01:02:35,333. Method: __lt__. Result: "Прямоугольник 2 х 1" имеет площадь меньшую, чем "Прямоугольник 3 х 5": True
INFO  - 2023-11-29 01:02:35,333. Method: area. Result: "Прямоугольник 2 х 1" имеет площадь 2
INFO  - 2023-11-29 01:02:35,333. Method: area. Result: "Прямоугольник 3 х 5" имеет площадь 15
ERROR - 2023-11-29 01:09:05,493. Method: __init__. Result: Стороны должны быть больше 0
INFO  - 2023-11-29 01:09:05,493. Method: perimeter. Result: "Прямоугольник 2 х 1" имеет периметр 6
ERROR - 2023-11-29 01:10:54,303. Method: __init__. Result: Стороны должны иметь положительное значение
INFO  - 2023-11-29 01:10:54,303. Method: perimeter. Result: "Прямоугольник 2 х 1" имеет периметр 6
ERROR - 2023-11-29 01:16:16,629. Method: __init__. Result: Стороны должны быть положительными
INFO  - 2023-11-29 01:16:16,629. Method: perimeter. Result: "Прямоугольник 2 х 1" имеет периметр 6
INFO  - 2023-11-29 01:16:59,337. Method: perimeter. Result: "Прямоугольник 12 х 11" имеет периметр 46
INFO  - 2023-11-29 01:16:59,337. Method: perimeter. Result: "Прямоугольник 6 х 2" имеет периметр 16
INFO  - 2023-11-29 01:16:59,337. Method: area. Result: "Прямоугольник 12 х 11" имеет площадь 132
INFO  - 2023-11-29 01:16:59,337. Method: area. Result: "Прямоугольник 6 х 2" имеет площадь 12
INFO  - 2023-11-29 01:16:59,338. Method: perimeter. Result: "Прямоугольник 12 х 11" имеет периметр 46
INFO  - 2023-11-29 01:16:59,338. Method: perimeter. Result: "Прямоугольник 6 х 2" имеет периметр 16
INFO  - 2023-11-29 01:16:59,338. Method: __add__. Result: Сумма объектов "Прямоугольник 12 х 11" и "Прямоугольник 6 х 2": объект "Прямоугольник 18 х 13"
INFO  - 2023-11-29 01:16:59,338. Method: perimeter. Result: "Прямоугольник 12 х 11" имеет периметр 46
INFO  - 2023-11-29 01:16:59,338. Method: perimeter. Result: "Прямоугольник 6 х 2" имеет периметр 16
INFO  - 2023-11-29 01:16:59,338. Method: perimeter. Result: "Прямоугольник 12 х 11" имеет периметр 46
INFO  - 2023-11-29 01:16:59,338. Method: perimeter. Result: "Прямоугольник 6 х 2" имеет периметр 16
INFO  - 2023-11-29 01:16:59,338. Method: __sub__. Result: Разность объектов "Прямоугольник 12 х 11" и "Прямоугольник 6 х 2": объект "Прямоугольник 6 х 9"
INFO  - 2023-11-29 01:16:59,338. Method: area. Result: "Прямоугольник 12 х 11" имеет площадь 132
INFO  - 2023-11-29 01:16:59,338. Method: area. Result: "Прямоугольник 6 х 2" имеет площадь 12
INFO  - 2023-11-29 01:16:59,339. Method: __eq__. Result: "Прямоугольник 12 х 11" и "Прямоугольник 6 х 2" имеют равные площади: False
INFO  - 2023-11-29 01:16:59,339. Method: area. Result: "Прямоугольник 12 х 11" имеет площадь 132
INFO  - 2023-11-29 01:16:59,339. Method: area. Result: "Прямоугольник 6 х 2" имеет площадь 12
INFO  - 2023-11-29 01:16:59,339. Method: area. Result: "Прямоугольник 12 х 11" имеет площадь 132
INFO  - 2023-11-29 01:16:59,339. Method: area. Result: "Прямоугольник 6 х 2" имеет площадь 12
INFO  - 2023-11-29 01:16:59,339. Method: __lt__. Result: "Прямоугольник 12 х 11" имеет площадь меньшую, чем "Прямоугольник 6 х 2": False
INFO  - 2023-11-29 01:16:59,339. Method: area. Result: "Прямоугольник 12 х 11" имеет площадь 132
INFO  - 2023-11-29 01:16:59,339. Method: area. Result: "Прямоугольник 6 х 2" имеет площадь 12
INFO  - 2023-11-29 01:17:20,791. Method: perimeter. Result: "Прямоугольник 12 х 11" имеет периметр 46
INFO  - 2023-11-29 01:17:20,791. Method: perimeter. Result: "Прямоугольник 12 х 11" имеет периметр 46
INFO  - 2023-11-29 01:17:20,791. Method: area. Result: "Прямоугольник 12 х 11" имеет площадь 132
INFO  - 2023-11-29 01:17:20,791. Method: area. Result: "Прямоугольник 12 х 11" имеет площадь 132
INFO  - 2023-11-29 01:17:20,791. Method: perimeter. Result: "Прямоугольник 12 х 11" имеет периметр 46
INFO  - 2023-11-29 01:17:20,791. Method: perimeter. Result: "Прямоугольник 12 х 11" имеет периметр 46
INFO  - 2023-11-29 01:17:20,791. Method: __add__. Result: Сумма объектов "Прямоугольник 12 х 11" и "Прямоугольник 12 х 11": объект "Прямоугольник 24 х 22"
INFO  - 2023-11-29 01:17:20,791. Method: perimeter. Result: "Прямоугольник 12 х 11" имеет периметр 46
INFO  - 2023-11-29 01:17:20,792. Method: perimeter. Result: "Прямоугольник 12 х 11" имеет периметр 46
ERROR - 2023-11-29 01:17:20,792. Method: __sub__. Result: Прямоугольник 12 х 11 меньше, чем Прямоугольник 12 х 11
INFO  - 2023-11-29 01:17:20,792. Method: area. Result: "Прямоугольник 12 х 11" имеет площадь 132
INFO  - 2023-11-29 01:17:20,792. Method: area. Result: "Прямоугольник 12 х 11" имеет площадь 132
INFO  - 2023-11-29 01:17:20,792. Method: __eq__. Result: "Прямоугольник 12 х 11" и "Прямоугольник 12 х 11" имеют равные площади: True
INFO  - 2023-11-29 01:17:20,792. Method: area. Result: "Прямоугольник 12 х 11" имеет площадь 132
INFO  - 2023-11-29 01:17:20,792. Method: area. Result: "Прямоугольник 12 х 11" имеет площадь 132
INFO  - 2023-11-29 01:17:20,792. Method: area. Result: "Прямоугольник 12 х 11" имеет площадь 132
INFO  - 2023-11-29 01:17:20,792. Method: area. Result: "Прямоугольник 12 х 11" имеет площадь 132
INFO  - 2023-11-29 01:17:20,792. Method: __lt__. Result: "Прямоугольник 12 х 11" имеет площадь меньшую, чем "Прямоугольник 12 х 11": False
INFO  - 2023-11-29 01:17:20,792. Method: area. Result: "Прямоугольник 12 х 11" имеет площадь 132
INFO  - 2023-11-29 01:17:20,792. Method: area. Result: "Прямоугольник 12 х 11" имеет площадь 132
